[0.196s] DEBUG:colcon:Command line arguments: ['/usr/bin/colcon', 'build']
[0.196s] DEBUG:colcon:Parsed command line arguments: Namespace(log_base=None, log_level=None, verb_name='build', build_base='build', install_base='install', merge_install=False, symlink_install=False, test_result_base=None, continue_on_error=False, executor='parallel', parallel_workers=8, event_handlers=None, ignore_user_meta=False, metas=['./colcon.meta'], base_paths=['.'], packages_ignore=None, packages_ignore_regex=None, paths=None, packages_up_to=None, packages_up_to_regex=None, packages_above=None, packages_above_and_dependencies=None, packages_above_depth=None, packages_select_by_dep=None, packages_skip_by_dep=None, packages_skip_up_to=None, packages_select_build_failed=False, packages_skip_build_finished=False, packages_select_test_failures=False, packages_skip_test_passed=False, packages_select=None, packages_skip=None, packages_select_regex=None, packages_skip_regex=None, packages_start=None, packages_end=None, allow_overriding=[], cmake_args=None, cmake_target=None, cmake_target_skip_unavailable=False, cmake_clean_cache=False, cmake_clean_first=False, cmake_force_configure=False, ament_cmake_args=None, catkin_cmake_args=None, catkin_skip_building_tests=False, mixin_files=None, mixin=None, verb_parser=<colcon_mixin.mixin.mixin_argument.MixinArgumentDecorator object at 0xffff81727070>, verb_extension=<colcon_core.verb.build.BuildVerb object at 0xffff817268f0>, main=<bound method BuildVerb.main of <colcon_core.verb.build.BuildVerb object at 0xffff817268f0>>, mixin_verb=('build',))
[0.426s] Level 1:colcon.colcon_core.package_discovery:discover_packages(colcon_meta) check parameters
[0.426s] Level 1:colcon.colcon_core.package_discovery:discover_packages(recursive) check parameters
[0.426s] Level 1:colcon.colcon_core.package_discovery:discover_packages(ignore) check parameters
[0.426s] Level 1:colcon.colcon_core.package_discovery:discover_packages(path) check parameters
[0.426s] Level 1:colcon.colcon_core.package_discovery:discover_packages(colcon_meta) discover
[0.426s] Level 1:colcon.colcon_core.package_discovery:discover_packages(recursive) discover
[0.426s] INFO:colcon.colcon_core.package_discovery:Crawling recursively for packages in '/home/berenakpinar/Downloads/2026Rover_description'
[0.426s] Level 1:colcon.colcon_core.package_identification:_identify(.) by extensions ['ignore', 'ignore_ament_install']
[0.426s] Level 1:colcon.colcon_core.package_identification:_identify(.) by extension 'ignore'
[0.426s] Level 1:colcon.colcon_core.package_identification:_identify(.) by extension 'ignore_ament_install'
[0.426s] Level 1:colcon.colcon_core.package_identification:_identify(.) by extensions ['colcon_pkg']
[0.426s] Level 1:colcon.colcon_core.package_identification:_identify(.) by extension 'colcon_pkg'
[0.426s] Level 1:colcon.colcon_core.package_identification:_identify(.) by extensions ['colcon_meta']
[0.426s] Level 1:colcon.colcon_core.package_identification:_identify(.) by extension 'colcon_meta'
[0.426s] Level 1:colcon.colcon_core.package_identification:_identify(.) by extensions ['ros']
[0.426s] Level 1:colcon.colcon_core.package_identification:_identify(.) by extension 'ros'
[0.438s] DEBUG:colcon.colcon_core.package_identification:Package '.' with type 'ros.ament_cmake' and name 'urdf_description'
[0.438s] Level 1:colcon.colcon_core.package_discovery:discover_packages(recursive) using defaults
[0.438s] Level 1:colcon.colcon_core.package_discovery:discover_packages(ignore) discover
[0.438s] Level 1:colcon.colcon_core.package_discovery:discover_packages(ignore) using defaults
[0.438s] Level 1:colcon.colcon_core.package_discovery:discover_packages(path) discover
[0.438s] Level 1:colcon.colcon_core.package_discovery:discover_packages(path) using defaults
[0.461s] Level 1:colcon.colcon_core.package_discovery:discover_packages(prefix_path) check parameters
[0.461s] Level 1:colcon.colcon_core.package_discovery:discover_packages(prefix_path) discover
[0.464s] DEBUG:colcon.colcon_installed_package_information.package_discovery:Found 467 installed packages in /opt/ros/humble
[0.465s] Level 1:colcon.colcon_core.package_discovery:discover_packages(prefix_path) using defaults
[0.501s] Level 5:colcon.colcon_core.verb:set package 'urdf_description' build argument 'cmake_args' from command line to 'None'
[0.501s] Level 5:colcon.colcon_core.verb:set package 'urdf_description' build argument 'cmake_target' from command line to 'None'
[0.501s] Level 5:colcon.colcon_core.verb:set package 'urdf_description' build argument 'cmake_target_skip_unavailable' from command line to 'False'
[0.501s] Level 5:colcon.colcon_core.verb:set package 'urdf_description' build argument 'cmake_clean_cache' from command line to 'False'
[0.501s] Level 5:colcon.colcon_core.verb:set package 'urdf_description' build argument 'cmake_clean_first' from command line to 'False'
[0.501s] Level 5:colcon.colcon_core.verb:set package 'urdf_description' build argument 'cmake_force_configure' from command line to 'False'
[0.501s] Level 5:colcon.colcon_core.verb:set package 'urdf_description' build argument 'ament_cmake_args' from command line to 'None'
[0.501s] Level 5:colcon.colcon_core.verb:set package 'urdf_description' build argument 'catkin_cmake_args' from command line to 'None'
[0.501s] Level 5:colcon.colcon_core.verb:set package 'urdf_description' build argument 'catkin_skip_building_tests' from command line to 'False'
[0.501s] DEBUG:colcon.colcon_core.verb:Building package 'urdf_description' with the following arguments: {'ament_cmake_args': None, 'build_base': '/home/berenakpinar/Downloads/2026Rover_description/build/urdf_description', 'catkin_cmake_args': None, 'catkin_skip_building_tests': False, 'cmake_args': None, 'cmake_clean_cache': False, 'cmake_clean_first': False, 'cmake_force_configure': False, 'cmake_target': None, 'cmake_target_skip_unavailable': False, 'install_base': '/home/berenakpinar/Downloads/2026Rover_description/install/urdf_description', 'merge_install': False, 'path': '/home/berenakpinar/Downloads/2026Rover_description', 'symlink_install': False, 'test_result_base': None}
[0.501s] INFO:colcon.colcon_core.executor:Executing jobs using 'parallel' executor
[0.502s] DEBUG:colcon.colcon_parallel_executor.executor.parallel:run_until_complete
[0.502s] INFO:colcon.colcon_ros.task.ament_cmake.build:Building ROS package in '/home/berenakpinar/Downloads/2026Rover_description' with build type 'ament_cmake'
[0.502s] INFO:colcon.colcon_cmake.task.cmake.build:Building CMake package in '/home/berenakpinar/Downloads/2026Rover_description'
[0.506s] INFO:colcon.colcon_core.plugin_system:Skipping extension 'colcon_core.shell.bat': Not used on non-Windows systems
[0.506s] INFO:colcon.colcon_core.shell:Skip shell extension 'powershell' for command environment: Not usable outside of PowerShell
[0.506s] DEBUG:colcon.colcon_core.shell:Skip shell extension 'dsv' for command environment
[0.518s] DEBUG:colcon.colcon_core.event_handler.log_command:Invoking command in '/home/berenakpinar/Downloads/2026Rover_description/build/urdf_description': CMAKE_PREFIX_PATH=/opt/ros/humble /usr/bin/cmake --build /home/berenakpinar/Downloads/2026Rover_description/build/urdf_description -- -j8 -l8
[0.573s] DEBUG:colcon.colcon_core.event_handler.log_command:Invoked command in '/home/berenakpinar/Downloads/2026Rover_description/build/urdf_description' returned '0': CMAKE_PREFIX_PATH=/opt/ros/humble /usr/bin/cmake --build /home/berenakpinar/Downloads/2026Rover_description/build/urdf_description -- -j8 -l8
[0.580s] DEBUG:colcon.colcon_core.event_handler.log_command:Invoking command in '/home/berenakpinar/Downloads/2026Rover_description/build/urdf_description': CMAKE_PREFIX_PATH=/opt/ros/humble /usr/bin/cmake --install /home/berenakpinar/Downloads/2026Rover_description/build/urdf_description
[0.589s] Level 1:colcon.colcon_core.environment:create_environment_scripts_only(urdf_description)
[0.589s] DEBUG:colcon.colcon_core.event_handler.log_command:Invoked command in '/home/berenakpinar/Downloads/2026Rover_description/build/urdf_description' returned '0': CMAKE_PREFIX_PATH=/opt/ros/humble /usr/bin/cmake --install /home/berenakpinar/Downloads/2026Rover_description/build/urdf_description
[0.593s] Level 1:colcon.colcon_core.environment:checking '/home/berenakpinar/Downloads/2026Rover_description/install/urdf_description' for CMake module files
[0.593s] Level 1:colcon.colcon_core.environment:checking '/home/berenakpinar/Downloads/2026Rover_description/install/urdf_description' for CMake config files
[0.593s] Level 1:colcon.colcon_core.shell:create_environment_hook('urdf_description', 'cmake_prefix_path')
[0.593s] INFO:colcon.colcon_core.shell:Creating environment hook '/home/berenakpinar/Downloads/2026Rover_description/install/urdf_description/share/urdf_description/hook/cmake_prefix_path.ps1'
[0.595s] INFO:colcon.colcon_core.shell:Creating environment descriptor '/home/berenakpinar/Downloads/2026Rover_description/install/urdf_description/share/urdf_description/hook/cmake_prefix_path.dsv'
[0.595s] INFO:colcon.colcon_core.shell:Creating environment hook '/home/berenakpinar/Downloads/2026Rover_description/install/urdf_description/share/urdf_description/hook/cmake_prefix_path.sh'
[0.597s] Level 1:colcon.colcon_core.environment:checking '/home/berenakpinar/Downloads/2026Rover_description/install/urdf_description/bin'
[0.597s] Level 1:colcon.colcon_core.environment:checking '/home/berenakpinar/Downloads/2026Rover_description/install/urdf_description/lib/pkgconfig/urdf_description.pc'
[0.597s] Level 1:colcon.colcon_core.environment:checking '/home/berenakpinar/Downloads/2026Rover_description/install/urdf_description/lib/python3.10/site-packages'
[0.597s] Level 1:colcon.colcon_core.environment:checking '/home/berenakpinar/Downloads/2026Rover_description/install/urdf_description/bin'
[0.597s] INFO:colcon.colcon_core.shell:Creating package script '/home/berenakpinar/Downloads/2026Rover_description/install/urdf_description/share/urdf_description/package.ps1'
[0.598s] INFO:colcon.colcon_core.shell:Creating package descriptor '/home/berenakpinar/Downloads/2026Rover_description/install/urdf_description/share/urdf_description/package.dsv'
[0.599s] INFO:colcon.colcon_core.shell:Creating package script '/home/berenakpinar/Downloads/2026Rover_description/install/urdf_description/share/urdf_description/package.sh'
[0.600s] INFO:colcon.colcon_core.shell:Creating package script '/home/berenakpinar/Downloads/2026Rover_description/install/urdf_description/share/urdf_description/package.bash'
[0.601s] INFO:colcon.colcon_core.shell:Creating package script '/home/berenakpinar/Downloads/2026Rover_description/install/urdf_description/share/urdf_description/package.zsh'
[0.602s] Level 1:colcon.colcon_core.environment:create_file_with_runtime_dependencies(/home/berenakpinar/Downloads/2026Rover_description/install/urdf_description/share/colcon-core/packages/urdf_description)
[0.603s] Level 1:colcon.colcon_core.environment:create_environment_scripts_only(urdf_description)
[0.603s] Level 1:colcon.colcon_core.environment:checking '/home/berenakpinar/Downloads/2026Rover_description/install/urdf_description' for CMake module files
[0.603s] Level 1:colcon.colcon_core.environment:checking '/home/berenakpinar/Downloads/2026Rover_description/install/urdf_description' for CMake config files
[0.604s] Level 1:colcon.colcon_core.shell:create_environment_hook('urdf_description', 'cmake_prefix_path')
[0.604s] INFO:colcon.colcon_core.shell:Creating environment hook '/home/berenakpinar/Downloads/2026Rover_description/install/urdf_description/share/urdf_description/hook/cmake_prefix_path.ps1'
[0.604s] INFO:colcon.colcon_core.shell:Creating environment descriptor '/home/berenakpinar/Downloads/2026Rover_description/install/urdf_description/share/urdf_description/hook/cmake_prefix_path.dsv'
[0.605s] INFO:colcon.colcon_core.shell:Creating environment hook '/home/berenakpinar/Downloads/2026Rover_description/install/urdf_description/share/urdf_description/hook/cmake_prefix_path.sh'
[0.605s] Level 1:colcon.colcon_core.environment:checking '/home/berenakpinar/Downloads/2026Rover_description/install/urdf_description/bin'
[0.605s] Level 1:colcon.colcon_core.environment:checking '/home/berenakpinar/Downloads/2026Rover_description/install/urdf_description/lib/pkgconfig/urdf_description.pc'
[0.605s] Level 1:colcon.colcon_core.environment:checking '/home/berenakpinar/Downloads/2026Rover_description/install/urdf_description/lib/python3.10/site-packages'
[0.605s] Level 1:colcon.colcon_core.environment:checking '/home/berenakpinar/Downloads/2026Rover_description/install/urdf_description/bin'
[0.606s] INFO:colcon.colcon_core.shell:Creating package script '/home/berenakpinar/Downloads/2026Rover_description/install/urdf_description/share/urdf_description/package.ps1'
[0.606s] INFO:colcon.colcon_core.shell:Creating package descriptor '/home/berenakpinar/Downloads/2026Rover_description/install/urdf_description/share/urdf_description/package.dsv'
[0.606s] INFO:colcon.colcon_core.shell:Creating package script '/home/berenakpinar/Downloads/2026Rover_description/install/urdf_description/share/urdf_description/package.sh'
[0.607s] INFO:colcon.colcon_core.shell:Creating package script '/home/berenakpinar/Downloads/2026Rover_description/install/urdf_description/share/urdf_description/package.bash'
[0.607s] INFO:colcon.colcon_core.shell:Creating package script '/home/berenakpinar/Downloads/2026Rover_description/install/urdf_description/share/urdf_description/package.zsh'
[0.608s] Level 1:colcon.colcon_core.environment:create_file_with_runtime_dependencies(/home/berenakpinar/Downloads/2026Rover_description/install/urdf_description/share/colcon-core/packages/urdf_description)
[0.608s] DEBUG:colcon.colcon_parallel_executor.executor.parallel:closing loop
[0.609s] DEBUG:colcon.colcon_parallel_executor.executor.parallel:loop closed
[0.609s] DEBUG:colcon.colcon_parallel_executor.executor.parallel:run_until_complete finished with '0'
[0.609s] DEBUG:colcon.colcon_core.event_reactor:joining thread
[0.619s] INFO:colcon.colcon_core.plugin_system:Skipping extension 'colcon_notification.desktop_notification.terminal_notifier': Not used on non-Darwin systems
[0.619s] INFO:colcon.colcon_core.plugin_system:Skipping extension 'colcon_notification.desktop_notification.win32': Not used on non-Windows systems
[0.619s] INFO:colcon.colcon_notification.desktop_notification:Sending desktop notification using 'notify2'
[0.629s] DEBUG:colcon.colcon_core.event_reactor:joined thread
[0.629s] INFO:colcon.colcon_core.shell:Creating prefix script '/home/berenakpinar/Downloads/2026Rover_description/install/local_setup.ps1'
[0.630s] INFO:colcon.colcon_core.shell:Creating prefix util module '/home/berenakpinar/Downloads/2026Rover_description/install/_local_setup_util_ps1.py'
[0.631s] INFO:colcon.colcon_core.shell:Creating prefix chain script '/home/berenakpinar/Downloads/2026Rover_description/install/setup.ps1'
[0.632s] INFO:colcon.colcon_core.shell:Creating prefix script '/home/berenakpinar/Downloads/2026Rover_description/install/local_setup.sh'
[0.633s] INFO:colcon.colcon_core.shell:Creating prefix util module '/home/berenakpinar/Downloads/2026Rover_description/install/_local_setup_util_sh.py'
[0.633s] INFO:colcon.colcon_core.shell:Creating prefix chain script '/home/berenakpinar/Downloads/2026Rover_description/install/setup.sh'
[0.634s] INFO:colcon.colcon_core.shell:Creating prefix script '/home/berenakpinar/Downloads/2026Rover_description/install/local_setup.bash'
[0.634s] INFO:colcon.colcon_core.shell:Creating prefix chain script '/home/berenakpinar/Downloads/2026Rover_description/install/setup.bash'
[0.635s] INFO:colcon.colcon_core.shell:Creating prefix script '/home/berenakpinar/Downloads/2026Rover_description/install/local_setup.zsh'
[0.635s] INFO:colcon.colcon_core.shell:Creating prefix chain script '/home/berenakpinar/Downloads/2026Rover_description/install/setup.zsh'
