[0.006s] Invoking command in '/home/berenakpinar/Downloads/2026Rover_description/build/urdf_description': CMAKE_PREFIX_PATH=/opt/ros/humble /usr/bin/cmake /home/berenakpinar/Downloads/2026Rover_description -DCMAKE_INSTALL_PREFIX=/home/berenakpinar/Downloads/2026Rover_description/install/urdf_description
[0.043s] -- The C compiler identification is GNU 11.4.0
[0.079s] -- The CXX compiler identification is GNU 11.4.0
[0.084s] -- Detecting C compiler ABI info
[0.134s] -- Detecting C compiler ABI info - done
[0.141s] -- Check for working C compiler: /usr/bin/cc - skipped
[0.141s] -- Detecting C compile features
[0.141s] -- Detecting C compile features - done
[0.143s] -- Detecting CXX compiler ABI info
[0.189s] -- Detecting CXX compiler ABI info - done
[0.195s] -- Check for working CXX compiler: /usr/bin/c++ - skipped
[0.195s] -- Detecting CXX compile features
[0.195s] -- Detecting CXX compile features - done
[0.197s] -- Found ament_cmake: 1.3.12 (/opt/ros/humble/share/ament_cmake/cmake)
[0.288s] -- Found Python3: /usr/bin/python3 (found version "3.10.12") found components: Interpreter 
[0.385s] -- Configuring done
[0.387s] -- Generating done
[0.388s] -- Build files have been written to: /home/berenakpinar/Downloads/2026Rover_description/build/urdf_description
[0.392s] Invoked command in '/home/berenakpinar/Downloads/2026Rover_description/build/urdf_description' returned '0': CMAKE_PREFIX_PATH=/opt/ros/humble /usr/bin/cmake /home/berenakpinar/Downloads/2026Rover_description -DCMAKE_INSTALL_PREFIX=/home/berenakpinar/Downloads/2026Rover_description/install/urdf_description
[0.392s] Invoking command in '/home/berenakpinar/Downloads/2026Rover_description/build/urdf_description': CMAKE_PREFIX_PATH=/opt/ros/humble /usr/bin/cmake --build /home/berenakpinar/Downloads/2026Rover_description/build/urdf_description -- -j8 -l8
[0.414s] Invoked command in '/home/berenakpinar/Downloads/2026Rover_description/build/urdf_description' returned '0': CMAKE_PREFIX_PATH=/opt/ros/humble /usr/bin/cmake --build /home/berenakpinar/Downloads/2026Rover_description/build/urdf_description -- -j8 -l8
[0.420s] Invoking command in '/home/berenakpinar/Downloads/2026Rover_description/build/urdf_description': CMAKE_PREFIX_PATH=/opt/ros/humble /usr/bin/cmake --install /home/berenakpinar/Downloads/2026Rover_description/build/urdf_description
[0.428s] -- Install configuration: ""
[0.428s] -- Installing: /home/berenakpinar/Downloads/2026Rover_description/install/urdf_description/share/urdf_description/launch
[0.428s] -- Installing: /home/berenakpinar/Downloads/2026Rover_description/install/urdf_description/share/urdf_description/launch/display.launch
[0.429s] -- Installing: /home/berenakpinar/Downloads/2026Rover_description/install/urdf_description/share/urdf_description/launch/.display.launch.py.swp
[0.429s] -- Installing: /home/berenakpinar/Downloads/2026Rover_description/install/urdf_description/share/urdf_description/launch/controller.yaml
[0.429s] -- Installing: /home/berenakpinar/Downloads/2026Rover_description/install/urdf_description/share/urdf_description/launch/gazebo.launch
[0.429s] -- Installing: /home/berenakpinar/Downloads/2026Rover_description/install/urdf_description/share/urdf_description/launch/display.launch.py
[0.429s] -- Installing: /home/berenakpinar/Downloads/2026Rover_description/install/urdf_description/share/urdf_description/launch/controller.launch
[0.429s] -- Installing: /home/berenakpinar/Downloads/2026Rover_description/install/urdf_description/share/urdf_description/urdf
[0.429s] -- Installing: /home/berenakpinar/Downloads/2026Rover_description/install/urdf_description/share/urdf_description/urdf/materials.xacro
[0.429s] -- Installing: /home/berenakpinar/Downloads/2026Rover_description/install/urdf_description/share/urdf_description/urdf/URDF.xacro
[0.429s] -- Installing: /home/berenakpinar/Downloads/2026Rover_description/install/urdf_description/share/urdf_description/urdf/URDF.trans
[0.429s] -- Installing: /home/berenakpinar/Downloads/2026Rover_description/install/urdf_description/share/urdf_description/urdf/URDF.gazebo
[0.429s] -- Installing: /home/berenakpinar/Downloads/2026Rover_description/install/urdf_description/share/urdf_description/meshes
[0.429s] -- Installing: /home/berenakpinar/Downloads/2026Rover_description/install/urdf_description/share/urdf_description/meshes/Bar2_1.stl
[0.429s] -- Installing: /home/berenakpinar/Downloads/2026Rover_description/install/urdf_description/share/urdf_description/meshes/Wheel2_1.stl
[0.431s] -- Installing: /home/berenakpinar/Downloads/2026Rover_description/install/urdf_description/share/urdf_description/meshes/Bogie3_1.stl
[0.439s] -- Installing: /home/berenakpinar/Downloads/2026Rover_description/install/urdf_description/share/urdf_description/meshes/Wheel1_1.stl
[0.443s] -- Installing: /home/berenakpinar/Downloads/2026Rover_description/install/urdf_description/share/urdf_description/meshes/Bogie2_1.stl
[0.452s] -- Installing: /home/berenakpinar/Downloads/2026Rover_description/install/urdf_description/share/urdf_description/meshes/Bar1_1.stl
[0.452s] -- Installing: /home/berenakpinar/Downloads/2026Rover_description/install/urdf_description/share/urdf_description/meshes/Wheel4_1.stl
[0.454s] -- Installing: /home/berenakpinar/Downloads/2026Rover_description/install/urdf_description/share/urdf_description/meshes/Wheel5_1.stl
[0.456s] -- Installing: /home/berenakpinar/Downloads/2026Rover_description/install/urdf_description/share/urdf_description/meshes/Diff1_1.stl
[0.466s] -- Installing: /home/berenakpinar/Downloads/2026Rover_description/install/urdf_description/share/urdf_description/meshes/Wheel6_1.stl
[0.470s] -- Installing: /home/berenakpinar/Downloads/2026Rover_description/install/urdf_description/share/urdf_description/meshes/base_link.stl
[0.550s] -- Installing: /home/berenakpinar/Downloads/2026Rover_description/install/urdf_description/share/urdf_description/meshes/Wheel3_1.stl
[0.551s] -- Installing: /home/berenakpinar/Downloads/2026Rover_description/install/urdf_description/share/urdf_description/meshes/Bogie1_1.stl
[0.554s] -- Installing: /home/berenakpinar/Downloads/2026Rover_description/install/urdf_description/share/urdf_description/meshes/Bogie4_1.stl
[0.558s] -- Installing: /home/berenakpinar/Downloads/2026Rover_description/install/urdf_description/share/urdf_description/rviz
[0.558s] -- Installing: /home/berenakpinar/Downloads/2026Rover_description/install/urdf_description/share/urdf_description/rviz/urdf.rviz
[0.558s] -- Installing: /home/berenakpinar/Downloads/2026Rover_description/install/urdf_description/share/ament_index/resource_index/package_run_dependencies/urdf_description
[0.558s] -- Installing: /home/berenakpinar/Downloads/2026Rover_description/install/urdf_description/share/ament_index/resource_index/parent_prefix_path/urdf_description
[0.559s] -- Installing: /home/berenakpinar/Downloads/2026Rover_description/install/urdf_description/share/urdf_description/environment/ament_prefix_path.sh
[0.559s] -- Installing: /home/berenakpinar/Downloads/2026Rover_description/install/urdf_description/share/urdf_description/environment/ament_prefix_path.dsv
[0.559s] -- Installing: /home/berenakpinar/Downloads/2026Rover_description/install/urdf_description/share/urdf_description/environment/path.sh
[0.559s] -- Installing: /home/berenakpinar/Downloads/2026Rover_description/install/urdf_description/share/urdf_description/environment/path.dsv
[0.559s] -- Installing: /home/berenakpinar/Downloads/2026Rover_description/install/urdf_description/share/urdf_description/local_setup.bash
[0.559s] -- Installing: /home/berenakpinar/Downloads/2026Rover_description/install/urdf_description/share/urdf_description/local_setup.sh
[0.559s] -- Installing: /home/berenakpinar/Downloads/2026Rover_description/install/urdf_description/share/urdf_description/local_setup.zsh
[0.559s] -- Installing: /home/berenakpinar/Downloads/2026Rover_description/install/urdf_description/share/urdf_description/local_setup.dsv
[0.559s] -- Installing: /home/berenakpinar/Downloads/2026Rover_description/install/urdf_description/share/urdf_description/package.dsv
[0.559s] -- Installing: /home/berenakpinar/Downloads/2026Rover_description/install/urdf_description/share/ament_index/resource_index/packages/urdf_description
[0.559s] -- Installing: /home/berenakpinar/Downloads/2026Rover_description/install/urdf_description/share/urdf_description/cmake/urdf_descriptionConfig.cmake
[0.559s] -- Installing: /home/berenakpinar/Downloads/2026Rover_description/install/urdf_description/share/urdf_description/cmake/urdf_descriptionConfig-version.cmake
[0.560s] -- Installing: /home/berenakpinar/Downloads/2026Rover_description/install/urdf_description/share/urdf_description/package.xml
[0.562s] Invoked command in '/home/berenakpinar/Downloads/2026Rover_description/build/urdf_description' returned '0': CMAKE_PREFIX_PATH=/opt/ros/humble /usr/bin/cmake --install /home/berenakpinar/Downloads/2026Rover_description/build/urdf_description
