[0.009s] Invoking command in '/home/berenakpinar/Downloads/2026Rover_description/build/urdf_description': CMAKE_PREFIX_PATH=${CMAKE_PREFIX_PATH}:/opt/ros/humble /usr/bin/cmake --build /home/berenakpinar/Downloads/2026Rover_description/build/urdf_description -- -j8 -l8
[0.086s] -- Found ament_cmake: 1.3.12 (/opt/ros/humble/share/ament_cmake/cmake)
[0.285s] -- Configuring done
[0.290s] -- Generating done
[0.292s] -- Build files have been written to: /home/berenakpinar/Downloads/2026Rover_description/build/urdf_description
[0.302s] Invoked command in '/home/berenakpinar/Downloads/2026Rover_description/build/urdf_description' returned '0': CMAKE_PREFIX_PATH=${CMAKE_PREFIX_PATH}:/opt/ros/humble /usr/bin/cmake --build /home/berenakpinar/Downloads/2026Rover_description/build/urdf_description -- -j8 -l8
[0.308s] Invoking command in '/home/berenakpinar/Downloads/2026Rover_description/build/urdf_description': CMAKE_PREFIX_PATH=${CMAKE_PREFIX_PATH}:/opt/ros/humble /usr/bin/cmake --install /home/berenakpinar/Downloads/2026Rover_description/build/urdf_description
[0.312s] -- Install configuration: ""
[0.312s] -- Up-to-date: /home/berenakpinar/Downloads/2026Rover_description/install/urdf_description/share/urdf_description/launch
[0.312s] -- Up-to-date: /home/berenakpinar/Downloads/2026Rover_description/install/urdf_description/share/urdf_description/launch/display.launch
[0.312s] -- Up-to-date: /home/berenakpinar/Downloads/2026Rover_description/install/urdf_description/share/urdf_description/launch/gazebo.launch.py
[0.312s] -- Up-to-date: /home/berenakpinar/Downloads/2026Rover_description/install/urdf_description/share/urdf_description/launch/controller.yaml
[0.312s] -- Up-to-date: /home/berenakpinar/Downloads/2026Rover_description/install/urdf_description/share/urdf_description/launch/gazebo.launch
[0.312s] -- Up-to-date: /home/berenakpinar/Downloads/2026Rover_description/install/urdf_description/share/urdf_description/launch/display.launch.py
[0.312s] -- Up-to-date: /home/berenakpinar/Downloads/2026Rover_description/install/urdf_description/share/urdf_description/launch/controller.launch
[0.313s] [31mCMake Error at cmake_install.cmake:46 (file):
[0.313s]   file INSTALL cannot find
[0.313s]   "/home/berenakpinar/Downloads/2026Rover_description/config": No such file
[0.313s]   or directory.
[0.313s] 
[0.313s] [0m
[0.314s] Invoked command in '/home/berenakpinar/Downloads/2026Rover_description/build/urdf_description' returned '1': CMAKE_PREFIX_PATH=${CMAKE_PREFIX_PATH}:/opt/ros/humble /usr/bin/cmake --install /home/berenakpinar/Downloads/2026Rover_description/build/urdf_description
