[0.011s] Invoking command in '/home/berenakpinar/Downloads/2026Rover_description/build/urdf_description': CMAKE_PREFIX_PATH=${CMAKE_PREFIX_PATH}:/opt/ros/humble /usr/bin/cmake /home/berenakpinar/Downloads/2026Rover_description -DCMAKE_INSTALL_PREFIX=/home/berenakpinar/Downloads/2026Rover_description/install/urdf_description
[0.190s] -- The C compiler identification is GNU 11.4.0
[0.332s] -- The CXX compiler identification is GNU 11.4.0
[0.347s] -- Detecting C compiler ABI info
[0.401s] -- Detecting C compiler ABI info - done
[0.407s] -- Check for working C compiler: /usr/bin/cc - skipped
[0.408s] -- Detecting C compile features
[0.409s] -- Detecting C compile features - done
[0.412s] -- Detecting CXX compiler ABI info
[0.464s] -- Detecting CXX compiler ABI info - done
[0.470s] -- Check for working CXX compiler: /usr/bin/c++ - skipped
[0.471s] -- Detecting CXX compile features
[0.471s] -- Detecting CXX compile features - done
[0.476s] -- Found ament_cmake: 1.3.12 (/opt/ros/humble/share/ament_cmake/cmake)
[0.570s] -- Found Python3: /usr/bin/python3 (found version "3.10.12") found components: Interpreter 
[0.700s] -- Configuring done
[0.702s] -- Generating done
[0.703s] -- Build files have been written to: /home/berenakpinar/Downloads/2026Rover_description/build/urdf_description
[0.707s] Invoked command in '/home/berenakpinar/Downloads/2026Rover_description/build/urdf_description' returned '0': CMAKE_PREFIX_PATH=${CMAKE_PREFIX_PATH}:/opt/ros/humble /usr/bin/cmake /home/berenakpinar/Downloads/2026Rover_description -DCMAKE_INSTALL_PREFIX=/home/berenakpinar/Downloads/2026Rover_description/install/urdf_description
[0.708s] Invoking command in '/home/berenakpinar/Downloads/2026Rover_description/build/urdf_description': CMAKE_PREFIX_PATH=${CMAKE_PREFIX_PATH}:/opt/ros/humble /usr/bin/cmake --build /home/berenakpinar/Downloads/2026Rover_description/build/urdf_description -- -j8 -l8
[0.728s] Invoked command in '/home/berenakpinar/Downloads/2026Rover_description/build/urdf_description' returned '0': CMAKE_PREFIX_PATH=${CMAKE_PREFIX_PATH}:/opt/ros/humble /usr/bin/cmake --build /home/berenakpinar/Downloads/2026Rover_description/build/urdf_description -- -j8 -l8
[0.732s] Invoking command in '/home/berenakpinar/Downloads/2026Rover_description/build/urdf_description': CMAKE_PREFIX_PATH=${CMAKE_PREFIX_PATH}:/opt/ros/humble /usr/bin/cmake --install /home/berenakpinar/Downloads/2026Rover_description/build/urdf_description
[0.737s] -- Install configuration: ""
[0.737s] -- Installing: /home/berenakpinar/Downloads/2026Rover_description/install/urdf_description/share/urdf_description/launch
[0.737s] -- Installing: /home/berenakpinar/Downloads/2026Rover_description/install/urdf_description/share/urdf_description/launch/display.launch
[0.738s] -- Installing: /home/berenakpinar/Downloads/2026Rover_description/install/urdf_description/share/urdf_description/launch/gazebo.launch.py
[0.739s] -- Installing: /home/berenakpinar/Downloads/2026Rover_description/install/urdf_description/share/urdf_description/launch/controller.yaml
[0.739s] -- Installing: /home/berenakpinar/Downloads/2026Rover_description/install/urdf_description/share/urdf_description/launch/gazebo.launch
[0.740s] -- Installing: /home/berenakpinar/Downloads/2026Rover_description/install/urdf_description/share/urdf_description/launch/display.launch.py
[0.740s] -- Installing: /home/berenakpinar/Downloads/2026Rover_description/install/urdf_description/share/urdf_description/launch/controller.launch
[0.741s] -- Installing: /home/berenakpinar/Downloads/2026Rover_description/install/urdf_description/share/urdf_description/config
[0.742s] -- Installing: /home/berenakpinar/Downloads/2026Rover_description/install/urdf_description/share/urdf_description/config/rover_controllers.yaml
[0.742s] -- Installing: /home/berenakpinar/Downloads/2026Rover_description/install/urdf_description/share/urdf_description/urdf
[0.742s] -- Installing: /home/berenakpinar/Downloads/2026Rover_description/install/urdf_description/share/urdf_description/urdf/materials.xacro
[0.742s] -- Installing: /home/berenakpinar/Downloads/2026Rover_description/install/urdf_description/share/urdf_description/urdf/URDF.xacro
[0.743s] -- Installing: /home/berenakpinar/Downloads/2026Rover_description/install/urdf_description/share/urdf_description/urdf/URDF.trans
[0.743s] -- Installing: /home/berenakpinar/Downloads/2026Rover_description/install/urdf_description/share/urdf_description/urdf/URDF.sdf
[0.744s] -- Installing: /home/berenakpinar/Downloads/2026Rover_description/install/urdf_description/share/urdf_description/urdf/URDF.gazebo
[0.744s] -- Installing: /home/berenakpinar/Downloads/2026Rover_description/install/urdf_description/share/urdf_description/meshes
[0.744s] -- Installing: /home/berenakpinar/Downloads/2026Rover_description/install/urdf_description/share/urdf_description/meshes/Bar2_1.stl
[0.746s] -- Installing: /home/berenakpinar/Downloads/2026Rover_description/install/urdf_description/share/urdf_description/meshes/Wheel2_1.stl
[0.750s] -- Installing: /home/berenakpinar/Downloads/2026Rover_description/install/urdf_description/share/urdf_description/meshes/Bogie3_1.stl
[0.754s] -- Installing: /home/berenakpinar/Downloads/2026Rover_description/install/urdf_description/share/urdf_description/meshes/Wheel1_1.stl
[0.757s] -- Installing: /home/berenakpinar/Downloads/2026Rover_description/install/urdf_description/share/urdf_description/meshes/Bogie2_1.stl
[0.762s] -- Installing: /home/berenakpinar/Downloads/2026Rover_description/install/urdf_description/share/urdf_description/meshes/Bar1_1.stl
[0.764s] -- Installing: /home/berenakpinar/Downloads/2026Rover_description/install/urdf_description/share/urdf_description/meshes/Wheel4_1.stl
[0.766s] -- Installing: /home/berenakpinar/Downloads/2026Rover_description/install/urdf_description/share/urdf_description/meshes/Wheel5_1.stl
[0.768s] -- Installing: /home/berenakpinar/Downloads/2026Rover_description/install/urdf_description/share/urdf_description/meshes/Diff1_1.stl
[0.774s] -- Installing: /home/berenakpinar/Downloads/2026Rover_description/install/urdf_description/share/urdf_description/meshes/Wheel6_1.stl
[0.775s] -- Installing: /home/berenakpinar/Downloads/2026Rover_description/install/urdf_description/share/urdf_description/meshes/base_link.stl
[0.811s] -- Installing: /home/berenakpinar/Downloads/2026Rover_description/install/urdf_description/share/urdf_description/meshes/Wheel3_1.stl
[0.812s] -- Installing: /home/berenakpinar/Downloads/2026Rover_description/install/urdf_description/share/urdf_description/meshes/Bogie1_1.stl
[0.820s] -- Installing: /home/berenakpinar/Downloads/2026Rover_description/install/urdf_description/share/urdf_description/meshes/Bogie4_1.stl
[0.823s] -- Installing: /home/berenakpinar/Downloads/2026Rover_description/install/urdf_description/share/urdf_description/rviz
[0.824s] -- Installing: /home/berenakpinar/Downloads/2026Rover_description/install/urdf_description/share/urdf_description/rviz/urdf.rviz
[0.824s] -- Installing: /home/berenakpinar/Downloads/2026Rover_description/install/urdf_description/share/ament_index/resource_index/package_run_dependencies/urdf_description
[0.824s] -- Installing: /home/berenakpinar/Downloads/2026Rover_description/install/urdf_description/share/ament_index/resource_index/parent_prefix_path/urdf_description
[0.825s] -- Installing: /home/berenakpinar/Downloads/2026Rover_description/install/urdf_description/share/urdf_description/environment/ament_prefix_path.sh
[0.826s] -- Installing: /home/berenakpinar/Downloads/2026Rover_description/install/urdf_description/share/urdf_description/environment/ament_prefix_path.dsv
[0.826s] -- Installing: /home/berenakpinar/Downloads/2026Rover_description/install/urdf_description/share/urdf_description/environment/path.sh
[0.826s] -- Installing: /home/berenakpinar/Downloads/2026Rover_description/install/urdf_description/share/urdf_description/environment/path.dsv
[0.826s] -- Installing: /home/berenakpinar/Downloads/2026Rover_description/install/urdf_description/share/urdf_description/local_setup.bash
[0.826s] -- Installing: /home/berenakpinar/Downloads/2026Rover_description/install/urdf_description/share/urdf_description/local_setup.sh
[0.826s] -- Installing: /home/berenakpinar/Downloads/2026Rover_description/install/urdf_description/share/urdf_description/local_setup.zsh
[0.826s] -- Installing: /home/berenakpinar/Downloads/2026Rover_description/install/urdf_description/share/urdf_description/local_setup.dsv
[0.826s] -- Installing: /home/berenakpinar/Downloads/2026Rover_description/install/urdf_description/share/urdf_description/package.dsv
[0.826s] -- Installing: /home/berenakpinar/Downloads/2026Rover_description/install/urdf_description/share/ament_index/resource_index/packages/urdf_description
[0.826s] -- Installing: /home/berenakpinar/Downloads/2026Rover_description/install/urdf_description/share/urdf_description/cmake/urdf_descriptionConfig.cmake
[0.826s] -- Installing: /home/berenakpinar/Downloads/2026Rover_description/install/urdf_description/share/urdf_description/cmake/urdf_descriptionConfig-version.cmake
[0.826s] -- Installing: /home/berenakpinar/Downloads/2026Rover_description/install/urdf_description/share/urdf_description/package.xml
[0.827s] Invoked command in '/home/berenakpinar/Downloads/2026Rover_description/build/urdf_description' returned '0': CMAKE_PREFIX_PATH=${CMAKE_PREFIX_PATH}:/opt/ros/humble /usr/bin/cmake --install /home/berenakpinar/Downloads/2026Rover_description/build/urdf_description
